<?xml version="1.0" encoding="UTF-8"?>
<!-- Generated by org.testng.reporters.JUnitReportReporter -->
<testsuite hostname="WKS73052" failures="0" tests="1" name="yatraTests.yatraTestCases" time="24.045" errors="0" timestamp="2021-08-11T18:40:31 BST" skipped="0">
  <testcase classname="yatraTests.yatraTestCases" name="yatratest" time="24.045"/>
  <system-out/>
</testsuite> <!-- yatraTests.yatraTestCases -->
